<?xml version="1.0" encoding="UTF-8"?>
<testsuite xmlns:xsi="http://www.w3.org/2001/XMLSchema-instance" xsi:noNamespaceSchemaLocation="https://maven.apache.org/surefire/maven-surefire-plugin/xsd/surefire-test-report.xsd" name="co.sys.ControlApplicationTest" time="0.327" tests="1" errors="0" skipped="0" failures="0">
  <properties>
    <property name="gopherProxySet" value="false"/>
    <property name="awt.toolkit" value="sun.lwawt.macosx.LWCToolkit"/>
    <property name="file.encoding.pkg" value="sun.io"/>
    <property name="java.specification.version" value="1.8"/>
    <property name="sun.cpu.isalist" value=""/>
    <property name="sun.jnu.encoding" value="UTF-8"/>
    <property name="java.class.path" value="/Users/rkarna/spring-boot-multi-package-demo/control-core/target/test-classes:/Users/rkarna/spring-boot-multi-package-demo/control-core/target/classes:/Users/rkarna/.m2/repository/org/springframework/boot/spring-boot-starter-web/2.0.1.RELEASE/spring-boot-starter-web-2.0.1.RELEASE.jar:/Users/rkarna/.m2/repository/org/springframework/boot/spring-boot-starter/2.0.1.RELEASE/spring-boot-starter-2.0.1.RELEASE.jar:/Users/rkarna/.m2/repository/org/springframework/boot/spring-boot/2.0.1.RELEASE/spring-boot-2.0.1.RELEASE.jar:/Users/rkarna/.m2/repository/org/springframework/boot/spring-boot-autoconfigure/2.0.1.RELEASE/spring-boot-autoconfigure-2.0.1.RELEASE.jar:/Users/rkarna/.m2/repository/org/springframework/boot/spring-boot-starter-logging/2.0.1.RELEASE/spring-boot-starter-logging-2.0.1.RELEASE.jar:/Users/rkarna/.m2/repository/ch/qos/logback/logback-classic/1.2.3/logback-classic-1.2.3.jar:/Users/rkarna/.m2/repository/ch/qos/logback/logback-core/1.2.3/logback-core-1.2.3.jar:/Users/rkarna/.m2/repository/org/apache/logging/log4j/log4j-to-slf4j/2.10.0/log4j-to-slf4j-2.10.0.jar:/Users/rkarna/.m2/repository/org/slf4j/jul-to-slf4j/1.7.25/jul-to-slf4j-1.7.25.jar:/Users/rkarna/.m2/repository/javax/annotation/javax.annotation-api/1.3.2/javax.annotation-api-1.3.2.jar:/Users/rkarna/.m2/repository/org/yaml/snakeyaml/1.19/snakeyaml-1.19.jar:/Users/rkarna/.m2/repository/org/springframework/boot/spring-boot-starter-json/2.0.1.RELEASE/spring-boot-starter-json-2.0.1.RELEASE.jar:/Users/rkarna/.m2/repository/com/fasterxml/jackson/datatype/jackson-datatype-jdk8/2.9.5/jackson-datatype-jdk8-2.9.5.jar:/Users/rkarna/.m2/repository/com/fasterxml/jackson/datatype/jackson-datatype-jsr310/2.9.5/jackson-datatype-jsr310-2.9.5.jar:/Users/rkarna/.m2/repository/com/fasterxml/jackson/module/jackson-module-parameter-names/2.9.5/jackson-module-parameter-names-2.9.5.jar:/Users/rkarna/.m2/repository/org/hibernate/validator/hibernate-validator/6.0.9.Final/hibernate-validator-6.0.9.Final.jar:/Users/rkarna/.m2/repository/javax/validation/validation-api/2.0.1.Final/validation-api-2.0.1.Final.jar:/Users/rkarna/.m2/repository/org/jboss/logging/jboss-logging/3.3.2.Final/jboss-logging-3.3.2.Final.jar:/Users/rkarna/.m2/repository/com/fasterxml/classmate/1.3.4/classmate-1.3.4.jar:/Users/rkarna/.m2/repository/org/springframework/spring-web/5.0.5.RELEASE/spring-web-5.0.5.RELEASE.jar:/Users/rkarna/.m2/repository/org/springframework/spring-beans/5.0.5.RELEASE/spring-beans-5.0.5.RELEASE.jar:/Users/rkarna/.m2/repository/org/springframework/spring-webmvc/5.0.5.RELEASE/spring-webmvc-5.0.5.RELEASE.jar:/Users/rkarna/.m2/repository/org/springframework/spring-expression/5.0.5.RELEASE/spring-expression-5.0.5.RELEASE.jar:/Users/rkarna/.m2/repository/org/springframework/boot/spring-boot-starter-actuator/2.0.1.RELEASE/spring-boot-starter-actuator-2.0.1.RELEASE.jar:/Users/rkarna/.m2/repository/org/springframework/boot/spring-boot-actuator-autoconfigure/2.0.1.RELEASE/spring-boot-actuator-autoconfigure-2.0.1.RELEASE.jar:/Users/rkarna/.m2/repository/org/springframework/boot/spring-boot-actuator/2.0.1.RELEASE/spring-boot-actuator-2.0.1.RELEASE.jar:/Users/rkarna/.m2/repository/io/micrometer/micrometer-core/1.0.3/micrometer-core-1.0.3.jar:/Users/rkarna/.m2/repository/org/hdrhistogram/HdrHistogram/2.1.10/HdrHistogram-2.1.10.jar:/Users/rkarna/.m2/repository/org/latencyutils/LatencyUtils/2.0.3/LatencyUtils-2.0.3.jar:/Users/rkarna/.m2/repository/org/springframework/boot/spring-boot-starter-aop/2.0.1.RELEASE/spring-boot-starter-aop-2.0.1.RELEASE.jar:/Users/rkarna/.m2/repository/org/springframework/spring-aop/5.0.5.RELEASE/spring-aop-5.0.5.RELEASE.jar:/Users/rkarna/.m2/repository/org/aspectj/aspectjweaver/1.8.13/aspectjweaver-1.8.13.jar:/Users/rkarna/.m2/repository/org/springframework/boot/spring-boot-starter-batch/2.0.1.RELEASE/spring-boot-starter-batch-2.0.1.RELEASE.jar:/Users/rkarna/.m2/repository/org/springframework/boot/spring-boot-starter-jdbc/2.0.1.RELEASE/spring-boot-starter-jdbc-2.0.1.RELEASE.jar:/Users/rkarna/.m2/repository/com/zaxxer/HikariCP/2.7.8/HikariCP-2.7.8.jar:/Users/rkarna/.m2/repository/org/springframework/batch/spring-batch-core/4.0.1.RELEASE/spring-batch-core-4.0.1.RELEASE.jar:/Users/rkarna/.m2/repository/javax/batch/javax.batch-api/1.0/javax.batch-api-1.0.jar:/Users/rkarna/.m2/repository/org/codehaus/jettison/jettison/1.2/jettison-1.2.jar:/Users/rkarna/.m2/repository/org/springframework/batch/spring-batch-infrastructure/4.0.1.RELEASE/spring-batch-infrastructure-4.0.1.RELEASE.jar:/Users/rkarna/.m2/repository/org/springframework/boot/spring-boot-starter-cache/2.0.1.RELEASE/spring-boot-starter-cache-2.0.1.RELEASE.jar:/Users/rkarna/.m2/repository/org/springframework/spring-context/5.0.5.RELEASE/spring-context-5.0.5.RELEASE.jar:/Users/rkarna/.m2/repository/org/springframework/spring-context-support/5.0.5.RELEASE/spring-context-support-5.0.5.RELEASE.jar:/Users/rkarna/.m2/repository/org/springframework/boot/spring-boot-starter-data-elasticsearch/2.0.1.RELEASE/spring-boot-starter-data-elasticsearch-2.0.1.RELEASE.jar:/Users/rkarna/.m2/repository/org/springframework/data/spring-data-elasticsearch/3.0.6.RELEASE/spring-data-elasticsearch-3.0.6.RELEASE.jar:/Users/rkarna/.m2/repository/org/springframework/data/spring-data-commons/2.0.6.RELEASE/spring-data-commons-2.0.6.RELEASE.jar:/Users/rkarna/.m2/repository/commons-lang/commons-lang/2.6/commons-lang-2.6.jar:/Users/rkarna/.m2/repository/joda-time/joda-time/2.9.9/joda-time-2.9.9.jar:/Users/rkarna/.m2/repository/org/elasticsearch/elasticsearch/5.6.8/elasticsearch-5.6.8.jar:/Users/rkarna/.m2/repository/org/apache/lucene/lucene-core/6.6.1/lucene-core-6.6.1.jar:/Users/rkarna/.m2/repository/org/apache/lucene/lucene-analyzers-common/6.6.1/lucene-analyzers-common-6.6.1.jar:/Users/rkarna/.m2/repository/org/apache/lucene/lucene-backward-codecs/6.6.1/lucene-backward-codecs-6.6.1.jar:/Users/rkarna/.m2/repository/org/apache/lucene/lucene-grouping/6.6.1/lucene-grouping-6.6.1.jar:/Users/rkarna/.m2/repository/org/apache/lucene/lucene-highlighter/6.6.1/lucene-highlighter-6.6.1.jar:/Users/rkarna/.m2/repository/org/apache/lucene/lucene-join/6.6.1/lucene-join-6.6.1.jar:/Users/rkarna/.m2/repository/org/apache/lucene/lucene-memory/6.6.1/lucene-memory-6.6.1.jar:/Users/rkarna/.m2/repository/org/apache/lucene/lucene-misc/6.6.1/lucene-misc-6.6.1.jar:/Users/rkarna/.m2/repository/org/apache/lucene/lucene-queries/6.6.1/lucene-queries-6.6.1.jar:/Users/rkarna/.m2/repository/org/apache/lucene/lucene-queryparser/6.6.1/lucene-queryparser-6.6.1.jar:/Users/rkarna/.m2/repository/org/apache/lucene/lucene-sandbox/6.6.1/lucene-sandbox-6.6.1.jar:/Users/rkarna/.m2/repository/org/apache/lucene/lucene-spatial/6.6.1/lucene-spatial-6.6.1.jar:/Users/rkarna/.m2/repository/org/apache/lucene/lucene-spatial-extras/6.6.1/lucene-spatial-extras-6.6.1.jar:/Users/rkarna/.m2/repository/org/apache/lucene/lucene-spatial3d/6.6.1/lucene-spatial3d-6.6.1.jar:/Users/rkarna/.m2/repository/org/apache/lucene/lucene-suggest/6.6.1/lucene-suggest-6.6.1.jar:/Users/rkarna/.m2/repository/org/elasticsearch/securesm/1.2/securesm-1.2.jar:/Users/rkarna/.m2/repository/net/sf/jopt-simple/jopt-simple/5.0.2/jopt-simple-5.0.2.jar:/Users/rkarna/.m2/repository/com/carrotsearch/hppc/0.7.1/hppc-0.7.1.jar:/Users/rkarna/.m2/repository/com/fasterxml/jackson/dataformat/jackson-dataformat-smile/2.9.5/jackson-dataformat-smile-2.9.5.jar:/Users/rkarna/.m2/repository/com/fasterxml/jackson/dataformat/jackson-dataformat-yaml/2.9.5/jackson-dataformat-yaml-2.9.5.jar:/Users/rkarna/.m2/repository/com/fasterxml/jackson/dataformat/jackson-dataformat-cbor/2.9.5/jackson-dataformat-cbor-2.9.5.jar:/Users/rkarna/.m2/repository/com/tdunning/t-digest/3.0/t-digest-3.0.jar:/Users/rkarna/.m2/repository/org/apache/logging/log4j/log4j-api/2.10.0/log4j-api-2.10.0.jar:/Users/rkarna/.m2/repository/org/elasticsearch/jna/4.4.0-1/jna-4.4.0-1.jar:/Users/rkarna/.m2/repository/org/elasticsearch/client/transport/5.6.8/transport-5.6.8.jar:/Users/rkarna/.m2/repository/org/elasticsearch/plugin/transport-netty3-client/5.6.8/transport-netty3-client-5.6.8.jar:/Users/rkarna/.m2/repository/io/netty/netty/3.10.6.Final/netty-3.10.6.Final.jar:/Users/rkarna/.m2/repository/org/elasticsearch/plugin/reindex-client/5.6.8/reindex-client-5.6.8.jar:/Users/rkarna/.m2/repository/org/elasticsearch/client/elasticsearch-rest-client/5.6.8/elasticsearch-rest-client-5.6.8.jar:/Users/rkarna/.m2/repository/org/apache/httpcomponents/httpclient/4.5.5/httpclient-4.5.5.jar:/Users/rkarna/.m2/repository/org/apache/httpcomponents/httpcore/4.4.9/httpcore-4.4.9.jar:/Users/rkarna/.m2/repository/org/apache/httpcomponents/httpasyncclient/4.1.3/httpasyncclient-4.1.3.jar:/Users/rkarna/.m2/repository/org/apache/httpcomponents/httpcore-nio/4.4.9/httpcore-nio-4.4.9.jar:/Users/rkarna/.m2/repository/org/elasticsearch/plugin/lang-mustache-client/5.6.8/lang-mustache-client-5.6.8.jar:/Users/rkarna/.m2/repository/com/github/spullara/mustache/java/compiler/0.9.3/compiler-0.9.3.jar:/Users/rkarna/.m2/repository/org/elasticsearch/plugin/percolator-client/5.6.8/percolator-client-5.6.8.jar:/Users/rkarna/.m2/repository/org/elasticsearch/plugin/parent-join-client/5.6.8/parent-join-client-5.6.8.jar:/Users/rkarna/.m2/repository/org/elasticsearch/plugin/transport-netty4-client/5.6.8/transport-netty4-client-5.6.8.jar:/Users/rkarna/.m2/repository/io/netty/netty-buffer/4.1.23.Final/netty-buffer-4.1.23.Final.jar:/Users/rkarna/.m2/repository/io/netty/netty-codec/4.1.23.Final/netty-codec-4.1.23.Final.jar:/Users/rkarna/.m2/repository/io/netty/netty-codec-http/4.1.23.Final/netty-codec-http-4.1.23.Final.jar:/Users/rkarna/.m2/repository/io/netty/netty-resolver/4.1.23.Final/netty-resolver-4.1.23.Final.jar:/Users/rkarna/.m2/repository/org/locationtech/spatial4j/spatial4j/0.6/spatial4j-0.6.jar:/Users/rkarna/.m2/repository/com/vividsolutions/jts/1.13/jts-1.13.jar:/Users/rkarna/.m2/repository/org/springframework/boot/spring-boot-starter-data-neo4j/2.0.1.RELEASE/spring-boot-starter-data-neo4j-2.0.1.RELEASE.jar:/Users/rkarna/.m2/repository/org/springframework/data/spring-data-neo4j/5.0.6.RELEASE/spring-data-neo4j-5.0.6.RELEASE.jar:/Users/rkarna/.m2/repository/org/neo4j/neo4j-ogm-core/3.1.0/neo4j-ogm-core-3.1.0.jar:/Users/rkarna/.m2/repository/org/neo4j/neo4j-ogm-api/3.1.0/neo4j-ogm-api-3.1.0.jar:/Users/rkarna/.m2/repository/commons-codec/commons-codec/1.11/commons-codec-1.11.jar:/Users/rkarna/.m2/repository/io/github/lukehutch/fast-classpath-scanner/2.7.4/fast-classpath-scanner-2.7.4.jar:/Users/rkarna/.m2/repository/org/neo4j/neo4j-ogm-bolt-driver/3.1.0/neo4j-ogm-bolt-driver-3.1.0.jar:/Users/rkarna/.m2/repository/org/neo4j/driver/neo4j-java-driver/1.5.0/neo4j-java-driver-1.5.0.jar:/Users/rkarna/.m2/repository/org/springframework/boot/spring-boot-starter-data-redis/2.0.1.RELEASE/spring-boot-starter-data-redis-2.0.1.RELEASE.jar:/Users/rkarna/.m2/repository/org/springframework/data/spring-data-redis/2.0.6.RELEASE/spring-data-redis-2.0.6.RELEASE.jar:/Users/rkarna/.m2/repository/org/springframework/data/spring-data-keyvalue/2.0.6.RELEASE/spring-data-keyvalue-2.0.6.RELEASE.jar:/Users/rkarna/.m2/repository/io/lettuce/lettuce-core/5.0.3.RELEASE/lettuce-core-5.0.3.RELEASE.jar:/Users/rkarna/.m2/repository/io/netty/netty-common/4.1.23.Final/netty-common-4.1.23.Final.jar:/Users/rkarna/.m2/repository/io/netty/netty-transport/4.1.23.Final/netty-transport-4.1.23.Final.jar:/Users/rkarna/.m2/repository/io/netty/netty-handler/4.1.23.Final/netty-handler-4.1.23.Final.jar:/Users/rkarna/.m2/repository/org/springframework/boot/spring-boot-starter-data-redis-reactive/2.0.1.RELEASE/spring-boot-starter-data-redis-reactive-2.0.1.RELEASE.jar:/Users/rkarna/.m2/repository/org/springframework/boot/spring-boot-starter-data-rest/2.0.1.RELEASE/spring-boot-starter-data-rest-2.0.1.RELEASE.jar:/Users/rkarna/.m2/repository/org/springframework/data/spring-data-rest-webmvc/3.0.6.RELEASE/spring-data-rest-webmvc-3.0.6.RELEASE.jar:/Users/rkarna/.m2/repository/org/springframework/data/spring-data-rest-core/3.0.6.RELEASE/spring-data-rest-core-3.0.6.RELEASE.jar:/Users/rkarna/.m2/repository/org/springframework/hateoas/spring-hateoas/0.24.0.RELEASE/spring-hateoas-0.24.0.RELEASE.jar:/Users/rkarna/.m2/repository/org/springframework/plugin/spring-plugin-core/1.2.0.RELEASE/spring-plugin-core-1.2.0.RELEASE.jar:/Users/rkarna/.m2/repository/org/atteo/evo-inflector/1.2.2/evo-inflector-1.2.2.jar:/Users/rkarna/.m2/repository/org/springframework/boot/spring-boot-starter-integration/2.0.1.RELEASE/spring-boot-starter-integration-2.0.1.RELEASE.jar:/Users/rkarna/.m2/repository/org/springframework/boot/spring-boot-starter-jersey/2.0.1.RELEASE/spring-boot-starter-jersey-2.0.1.RELEASE.jar:/Users/rkarna/.m2/repository/org/springframework/boot/spring-boot-starter-tomcat/2.0.1.RELEASE/spring-boot-starter-tomcat-2.0.1.RELEASE.jar:/Users/rkarna/.m2/repository/org/apache/tomcat/embed/tomcat-embed-core/8.5.29/tomcat-embed-core-8.5.29.jar:/Users/rkarna/.m2/repository/org/apache/tomcat/embed/tomcat-embed-el/8.5.29/tomcat-embed-el-8.5.29.jar:/Users/rkarna/.m2/repository/org/apache/tomcat/embed/tomcat-embed-websocket/8.5.29/tomcat-embed-websocket-8.5.29.jar:/Users/rkarna/.m2/repository/org/springframework/boot/spring-boot-starter-validation/2.0.1.RELEASE/spring-boot-starter-validation-2.0.1.RELEASE.jar:/Users/rkarna/.m2/repository/org/glassfish/jersey/core/jersey-server/2.26/jersey-server-2.26.jar:/Users/rkarna/.m2/repository/org/glassfish/jersey/core/jersey-common/2.26/jersey-common-2.26.jar:/Users/rkarna/.m2/repository/org/glassfish/hk2/osgi-resource-locator/1.0.1/osgi-resource-locator-1.0.1.jar:/Users/rkarna/.m2/repository/org/glassfish/jersey/core/jersey-client/2.26/jersey-client-2.26.jar:/Users/rkarna/.m2/repository/javax/ws/rs/javax.ws.rs-api/2.1/javax.ws.rs-api-2.1.jar:/Users/rkarna/.m2/repository/org/glassfish/jersey/media/jersey-media-jaxb/2.26/jersey-media-jaxb-2.26.jar:/Users/rkarna/.m2/repository/org/glassfish/jersey/containers/jersey-container-servlet-core/2.26/jersey-container-servlet-core-2.26.jar:/Users/rkarna/.m2/repository/org/glassfish/jersey/containers/jersey-container-servlet/2.26/jersey-container-servlet-2.26.jar:/Users/rkarna/.m2/repository/org/glassfish/jersey/ext/jersey-bean-validation/2.26/jersey-bean-validation-2.26.jar:/Users/rkarna/.m2/repository/org/glassfish/jersey/ext/jersey-spring4/2.26/jersey-spring4-2.26.jar:/Users/rkarna/.m2/repository/org/glassfish/jersey/inject/jersey-hk2/2.26/jersey-hk2-2.26.jar:/Users/rkarna/.m2/repository/org/glassfish/hk2/hk2-locator/2.5.0-b42/hk2-locator-2.5.0-b42.jar:/Users/rkarna/.m2/repository/org/glassfish/hk2/external/aopalliance-repackaged/2.5.0-b42/aopalliance-repackaged-2.5.0-b42.jar:/Users/rkarna/.m2/repository/org/glassfish/hk2/hk2/2.5.0-b42/hk2-2.5.0-b42.jar:/Users/rkarna/.m2/repository/org/glassfish/hk2/hk2-utils/2.5.0-b42/hk2-utils-2.5.0-b42.jar:/Users/rkarna/.m2/repository/javax/inject/javax.inject/1/javax.inject-1.jar:/Users/rkarna/.m2/repository/org/glassfish/hk2/hk2-api/2.5.0-b42/hk2-api-2.5.0-b42.jar:/Users/rkarna/.m2/repository/org/glassfish/hk2/config-types/2.5.0-b42/config-types-2.5.0-b42.jar:/Users/rkarna/.m2/repository/org/glassfish/hk2/hk2-core/2.5.0-b42/hk2-core-2.5.0-b42.jar:/Users/rkarna/.m2/repository/org/glassfish/hk2/hk2-config/2.5.0-b42/hk2-config-2.5.0-b42.jar:/Users/rkarna/.m2/repository/org/glassfish/hk2/hk2-runlevel/2.5.0-b42/hk2-runlevel-2.5.0-b42.jar:/Users/rkarna/.m2/repository/org/glassfish/hk2/class-model/2.5.0-b42/class-model-2.5.0-b42.jar:/Users/rkarna/.m2/repository/org/glassfish/hk2/external/asm-all-repackaged/2.5.0-b42/asm-all-repackaged-2.5.0-b42.jar:/Users/rkarna/.m2/repository/org/glassfish/hk2/spring-bridge/2.5.0-b42/spring-bridge-2.5.0-b42.jar:/Users/rkarna/.m2/repository/org/glassfish/jersey/media/jersey-media-json-jackson/2.26/jersey-media-json-jackson-2.26.jar:/Users/rkarna/.m2/repository/org/glassfish/jersey/ext/jersey-entity-filtering/2.26/jersey-entity-filtering-2.26.jar:/Users/rkarna/.m2/repository/com/fasterxml/jackson/module/jackson-module-jaxb-annotations/2.9.5/jackson-module-jaxb-annotations-2.9.5.jar:/Users/rkarna/.m2/repository/org/springframework/boot/spring-boot-starter-jooq/2.0.1.RELEASE/spring-boot-starter-jooq-2.0.1.RELEASE.jar:/Users/rkarna/.m2/repository/org/springframework/spring-tx/5.0.5.RELEASE/spring-tx-5.0.5.RELEASE.jar:/Users/rkarna/.m2/repository/org/jooq/jooq/3.10.6/jooq-3.10.6.jar:/Users/rkarna/.m2/repository/org/springframework/boot/spring-boot-starter-mail/2.0.1.RELEASE/spring-boot-starter-mail-2.0.1.RELEASE.jar:/Users/rkarna/.m2/repository/com/sun/mail/javax.mail/1.6.1/javax.mail-1.6.1.jar:/Users/rkarna/.m2/repository/javax/activation/activation/1.1/activation-1.1.jar:/Users/rkarna/.m2/repository/org/springframework/boot/spring-boot-starter-quartz/2.0.1.RELEASE/spring-boot-starter-quartz-2.0.1.RELEASE.jar:/Users/rkarna/.m2/repository/org/quartz-scheduler/quartz/2.3.0/quartz-2.3.0.jar:/Users/rkarna/.m2/repository/com/mchange/mchange-commons-java/0.2.11/mchange-commons-java-0.2.11.jar:/Users/rkarna/.m2/repository/org/springframework/boot/spring-boot-starter-security/2.0.1.RELEASE/spring-boot-starter-security-2.0.1.RELEASE.jar:/Users/rkarna/.m2/repository/org/springframework/security/spring-security-config/5.0.4.RELEASE/spring-security-config-5.0.4.RELEASE.jar:/Users/rkarna/.m2/repository/org/springframework/security/spring-security-web/5.0.4.RELEASE/spring-security-web-5.0.4.RELEASE.jar:/Users/rkarna/.m2/repository/org/springframework/boot/spring-boot-starter-thymeleaf/2.0.1.RELEASE/spring-boot-starter-thymeleaf-2.0.1.RELEASE.jar:/Users/rkarna/.m2/repository/org/thymeleaf/thymeleaf-spring5/3.0.9.RELEASE/thymeleaf-spring5-3.0.9.RELEASE.jar:/Users/rkarna/.m2/repository/org/thymeleaf/thymeleaf/3.0.9.RELEASE/thymeleaf-3.0.9.RELEASE.jar:/Users/rkarna/.m2/repository/org/attoparser/attoparser/2.0.4.RELEASE/attoparser-2.0.4.RELEASE.jar:/Users/rkarna/.m2/repository/org/unbescape/unbescape/1.1.5.RELEASE/unbescape-1.1.5.RELEASE.jar:/Users/rkarna/.m2/repository/org/thymeleaf/extras/thymeleaf-extras-java8time/3.0.1.RELEASE/thymeleaf-extras-java8time-3.0.1.RELEASE.jar:/Users/rkarna/.m2/repository/org/springframework/boot/spring-boot-starter-web-services/2.0.1.RELEASE/spring-boot-starter-web-services-2.0.1.RELEASE.jar:/Users/rkarna/.m2/repository/org/springframework/spring-oxm/5.0.5.RELEASE/spring-oxm-5.0.5.RELEASE.jar:/Users/rkarna/.m2/repository/org/springframework/ws/spring-ws-core/3.0.1.RELEASE/spring-ws-core-3.0.1.RELEASE.jar:/Users/rkarna/.m2/repository/org/springframework/ws/spring-xml/3.0.1.RELEASE/spring-xml-3.0.1.RELEASE.jar:/Users/rkarna/.m2/repository/org/springframework/boot/spring-boot-starter-webflux/2.0.1.RELEASE/spring-boot-starter-webflux-2.0.1.RELEASE.jar:/Users/rkarna/.m2/repository/org/springframework/boot/spring-boot-starter-reactor-netty/2.0.1.RELEASE/spring-boot-starter-reactor-netty-2.0.1.RELEASE.jar:/Users/rkarna/.m2/repository/io/projectreactor/ipc/reactor-netty/0.7.6.RELEASE/reactor-netty-0.7.6.RELEASE.jar:/Users/rkarna/.m2/repository/io/netty/netty-handler-proxy/4.1.23.Final/netty-handler-proxy-4.1.23.Final.jar:/Users/rkarna/.m2/repository/io/netty/netty-codec-socks/4.1.23.Final/netty-codec-socks-4.1.23.Final.jar:/Users/rkarna/.m2/repository/io/netty/netty-transport-native-epoll/4.1.23.Final/netty-transport-native-epoll-4.1.23.Final.jar:/Users/rkarna/.m2/repository/io/netty/netty-transport-native-unix-common/4.1.23.Final/netty-transport-native-unix-common-4.1.23.Final.jar:/Users/rkarna/.m2/repository/org/springframework/spring-webflux/5.0.5.RELEASE/spring-webflux-5.0.5.RELEASE.jar:/Users/rkarna/.m2/repository/org/synchronoss/cloud/nio-multipart-parser/1.1.0/nio-multipart-parser-1.1.0.jar:/Users/rkarna/.m2/repository/org/synchronoss/cloud/nio-stream-storage/1.1.3/nio-stream-storage-1.1.3.jar:/Users/rkarna/.m2/repository/org/springframework/boot/spring-boot-starter-websocket/2.0.1.RELEASE/spring-boot-starter-websocket-2.0.1.RELEASE.jar:/Users/rkarna/.m2/repository/org/springframework/spring-messaging/5.0.5.RELEASE/spring-messaging-5.0.5.RELEASE.jar:/Users/rkarna/.m2/repository/org/springframework/spring-websocket/5.0.5.RELEASE/spring-websocket-5.0.5.RELEASE.jar:/Users/rkarna/.m2/repository/org/flywaydb/flyway-core/5.0.7/flyway-core-5.0.7.jar:/Users/rkarna/.m2/repository/org/springframework/data/spring-data-rest-hal-browser/3.0.6.RELEASE/spring-data-rest-hal-browser-3.0.6.RELEASE.jar:/Users/rkarna/.m2/repository/org/slf4j/slf4j-api/1.7.25/slf4j-api-1.7.25.jar:/Users/rkarna/.m2/repository/org/springframework/session/spring-session-data-redis/2.0.2.RELEASE/spring-session-data-redis-2.0.2.RELEASE.jar:/Users/rkarna/.m2/repository/org/springframework/session/spring-session-core/2.0.2.RELEASE/spring-session-core-2.0.2.RELEASE.jar:/Users/rkarna/.m2/repository/org/springframework/spring-jcl/5.0.5.RELEASE/spring-jcl-5.0.5.RELEASE.jar:/Users/rkarna/.m2/repository/org/postgresql/postgresql/42.2.2/postgresql-42.2.2.jar:/Users/rkarna/.m2/repository/org/springframework/boot/spring-boot-configuration-processor/2.0.1.RELEASE/spring-boot-configuration-processor-2.0.1.RELEASE.jar:/Users/rkarna/.m2/repository/org/projectlombok/lombok/1.16.20/lombok-1.16.20.jar:/Users/rkarna/.m2/repository/org/springframework/boot/spring-boot-starter-test/2.0.1.RELEASE/spring-boot-starter-test-2.0.1.RELEASE.jar:/Users/rkarna/.m2/repository/org/springframework/boot/spring-boot-test/2.0.1.RELEASE/spring-boot-test-2.0.1.RELEASE.jar:/Users/rkarna/.m2/repository/org/springframework/boot/spring-boot-test-autoconfigure/2.0.1.RELEASE/spring-boot-test-autoconfigure-2.0.1.RELEASE.jar:/Users/rkarna/.m2/repository/com/jayway/jsonpath/json-path/2.4.0/json-path-2.4.0.jar:/Users/rkarna/.m2/repository/net/minidev/json-smart/2.3/json-smart-2.3.jar:/Users/rkarna/.m2/repository/net/minidev/accessors-smart/1.2/accessors-smart-1.2.jar:/Users/rkarna/.m2/repository/org/ow2/asm/asm/5.0.4/asm-5.0.4.jar:/Users/rkarna/.m2/repository/junit/junit/4.12/junit-4.12.jar:/Users/rkarna/.m2/repository/org/assertj/assertj-core/3.9.1/assertj-core-3.9.1.jar:/Users/rkarna/.m2/repository/org/mockito/mockito-core/2.15.0/mockito-core-2.15.0.jar:/Users/rkarna/.m2/repository/net/bytebuddy/byte-buddy/1.7.11/byte-buddy-1.7.11.jar:/Users/rkarna/.m2/repository/net/bytebuddy/byte-buddy-agent/1.7.11/byte-buddy-agent-1.7.11.jar:/Users/rkarna/.m2/repository/org/objenesis/objenesis/2.6/objenesis-2.6.jar:/Users/rkarna/.m2/repository/org/hamcrest/hamcrest-core/1.3/hamcrest-core-1.3.jar:/Users/rkarna/.m2/repository/org/hamcrest/hamcrest-library/1.3/hamcrest-library-1.3.jar:/Users/rkarna/.m2/repository/org/skyscreamer/jsonassert/1.5.0/jsonassert-1.5.0.jar:/Users/rkarna/.m2/repository/com/vaadin/external/google/android-json/0.0.20131108.vaadin1/android-json-0.0.20131108.vaadin1.jar:/Users/rkarna/.m2/repository/org/springframework/spring-core/5.0.5.RELEASE/spring-core-5.0.5.RELEASE.jar:/Users/rkarna/.m2/repository/org/xmlunit/xmlunit-core/2.5.1/xmlunit-core-2.5.1.jar:/Users/rkarna/.m2/repository/io/projectreactor/reactor-test/3.1.6.RELEASE/reactor-test-3.1.6.RELEASE.jar:/Users/rkarna/.m2/repository/io/projectreactor/reactor-core/3.1.6.RELEASE/reactor-core-3.1.6.RELEASE.jar:/Users/rkarna/.m2/repository/org/reactivestreams/reactive-streams/1.0.2/reactive-streams-1.0.2.jar:/Users/rkarna/.m2/repository/org/springframework/batch/spring-batch-test/4.0.1.RELEASE/spring-batch-test-4.0.1.RELEASE.jar:/Users/rkarna/.m2/repository/commons-collections/commons-collections/3.2.2/commons-collections-3.2.2.jar:/Users/rkarna/.m2/repository/commons-io/commons-io/2.6/commons-io-2.6.jar:/Users/rkarna/.m2/repository/org/springframework/spring-jdbc/5.0.5.RELEASE/spring-jdbc-5.0.5.RELEASE.jar:/Users/rkarna/.m2/repository/org/springframework/restdocs/spring-restdocs-mockmvc/2.0.1.RELEASE/spring-restdocs-mockmvc-2.0.1.RELEASE.jar:/Users/rkarna/.m2/repository/org/springframework/restdocs/spring-restdocs-core/2.0.1.RELEASE/spring-restdocs-core-2.0.1.RELEASE.jar:/Users/rkarna/.m2/repository/org/springframework/security/spring-security-test/5.0.4.RELEASE/spring-security-test-5.0.4.RELEASE.jar:/Users/rkarna/.m2/repository/org/springframework/security/spring-security-core/5.0.4.RELEASE/spring-security-core-5.0.4.RELEASE.jar:/Users/rkarna/.m2/repository/javax/servlet/javax.servlet-api/3.1.0/javax.servlet-api-3.1.0.jar:/Users/rkarna/.m2/repository/org/webjars/bootstrap/3.3.7-1/bootstrap-3.3.7-1.jar:/Users/rkarna/.m2/repository/org/webjars/jquery/1.11.1/jquery-1.11.1.jar:/Users/rkarna/.m2/repository/org/webjars/webjars-locator-core/0.35/webjars-locator-core-0.35.jar:/Users/rkarna/.m2/repository/org/apache/commons/commons-lang3/3.7/commons-lang3-3.7.jar:/Users/rkarna/.m2/repository/org/apache/commons/commons-compress/1.9/commons-compress-1.9.jar:/Users/rkarna/.m2/repository/de/danielbechler/java-object-diff/0.95/java-object-diff-0.95.jar:/Users/rkarna/.m2/repository/org/springframework/integration/spring-integration-core/4.2.5.RELEASE/spring-integration-core-4.2.5.RELEASE.jar:/Users/rkarna/.m2/repository/org/springframework/retry/spring-retry/1.2.2.RELEASE/spring-retry-1.2.2.RELEASE.jar:/Users/rkarna/.m2/repository/org/zeromq/jeromq/0.3.3/jeromq-0.3.3.jar:/Users/rkarna/.m2/repository/com/fasterxml/jackson/core/jackson-core/2.5.1/jackson-core-2.5.1.jar:/Users/rkarna/.m2/repository/com/fasterxml/jackson/core/jackson-databind/2.5.1/jackson-databind-2.5.1.jar:/Users/rkarna/.m2/repository/com/fasterxml/jackson/core/jackson-annotations/2.9.0/jackson-annotations-2.9.0.jar:/Users/rkarna/.m2/repository/org/msgpack/msgpack/0.6.10/msgpack-0.6.10.jar:/Users/rkarna/.m2/repository/com/googlecode/json-simple/json-simple/1.1.1/json-simple-1.1.1.jar:/Users/rkarna/.m2/repository/org/javassist/javassist/3.18.1-GA/javassist-3.18.1-GA.jar:/Users/rkarna/.m2/repository/org/testng/testng/6.8.8/testng-6.8.8.jar:/Users/rkarna/.m2/repository/org/beanshell/bsh/2.0b4/bsh-2.0b4.jar:/Users/rkarna/.m2/repository/com/beust/jcommander/1.27/jcommander-1.27.jar:/Users/rkarna/.m2/repository/org/springframework/spring-test/4.2.5.RELEASE/spring-test-4.2.5.RELEASE.jar:/Users/rkarna/.m2/repository/org/apache/maven/surefire/surefire-testng-utils/2.21.0/surefire-testng-utils-2.21.0.jar:/Users/rkarna/.m2/repository/org/apache/maven/surefire/surefire-grouper/2.21.0/surefire-grouper-2.21.0.jar:"/>
    <property name="java.vm.vendor" value="Oracle Corporation"/>
    <property name="sun.arch.data.model" value="64"/>
    <property name="java.vendor.url" value="http://java.oracle.com/"/>
    <property name="user.timezone" value=""/>
    <property name="user.country.format" value="DE"/>
    <property name="java.vm.specification.version" value="1.8"/>
    <property name="os.name" value="Mac OS X"/>
    <property name="user.country" value="US"/>
    <property name="sun.java.launcher" value="SUN_STANDARD"/>
    <property name="sun.boot.library.path" value="/Library/Java/JavaVirtualMachines/jdk1.8.0_121.jdk/Contents/Home/jre/lib"/>
    <property name="sun.java.command" value="/Users/rkarna/spring-boot-multi-package-demo/control-core/target/surefire/surefirebooter2339289729855615108.jar /Users/rkarna/spring-boot-multi-package-demo/control-core/target/surefire 2018-04-21T19-40-47_590-jvmRun1 surefire7122373768515179084tmp surefire_05699648135687361952tmp"/>
    <property name="http.nonProxyHosts" value="local|*.local|169.254/16|*.169.254/16"/>
    <property name="surefire.test.class.path" value="/Users/rkarna/spring-boot-multi-package-demo/control-core/target/test-classes:/Users/rkarna/spring-boot-multi-package-demo/control-core/target/classes:/Users/rkarna/.m2/repository/org/springframework/boot/spring-boot-starter-web/2.0.1.RELEASE/spring-boot-starter-web-2.0.1.RELEASE.jar:/Users/rkarna/.m2/repository/org/springframework/boot/spring-boot-starter/2.0.1.RELEASE/spring-boot-starter-2.0.1.RELEASE.jar:/Users/rkarna/.m2/repository/org/springframework/boot/spring-boot/2.0.1.RELEASE/spring-boot-2.0.1.RELEASE.jar:/Users/rkarna/.m2/repository/org/springframework/boot/spring-boot-autoconfigure/2.0.1.RELEASE/spring-boot-autoconfigure-2.0.1.RELEASE.jar:/Users/rkarna/.m2/repository/org/springframework/boot/spring-boot-starter-logging/2.0.1.RELEASE/spring-boot-starter-logging-2.0.1.RELEASE.jar:/Users/rkarna/.m2/repository/ch/qos/logback/logback-classic/1.2.3/logback-classic-1.2.3.jar:/Users/rkarna/.m2/repository/ch/qos/logback/logback-core/1.2.3/logback-core-1.2.3.jar:/Users/rkarna/.m2/repository/org/apache/logging/log4j/log4j-to-slf4j/2.10.0/log4j-to-slf4j-2.10.0.jar:/Users/rkarna/.m2/repository/org/slf4j/jul-to-slf4j/1.7.25/jul-to-slf4j-1.7.25.jar:/Users/rkarna/.m2/repository/javax/annotation/javax.annotation-api/1.3.2/javax.annotation-api-1.3.2.jar:/Users/rkarna/.m2/repository/org/yaml/snakeyaml/1.19/snakeyaml-1.19.jar:/Users/rkarna/.m2/repository/org/springframework/boot/spring-boot-starter-json/2.0.1.RELEASE/spring-boot-starter-json-2.0.1.RELEASE.jar:/Users/rkarna/.m2/repository/com/fasterxml/jackson/datatype/jackson-datatype-jdk8/2.9.5/jackson-datatype-jdk8-2.9.5.jar:/Users/rkarna/.m2/repository/com/fasterxml/jackson/datatype/jackson-datatype-jsr310/2.9.5/jackson-datatype-jsr310-2.9.5.jar:/Users/rkarna/.m2/repository/com/fasterxml/jackson/module/jackson-module-parameter-names/2.9.5/jackson-module-parameter-names-2.9.5.jar:/Users/rkarna/.m2/repository/org/hibernate/validator/hibernate-validator/6.0.9.Final/hibernate-validator-6.0.9.Final.jar:/Users/rkarna/.m2/repository/javax/validation/validation-api/2.0.1.Final/validation-api-2.0.1.Final.jar:/Users/rkarna/.m2/repository/org/jboss/logging/jboss-logging/3.3.2.Final/jboss-logging-3.3.2.Final.jar:/Users/rkarna/.m2/repository/com/fasterxml/classmate/1.3.4/classmate-1.3.4.jar:/Users/rkarna/.m2/repository/org/springframework/spring-web/5.0.5.RELEASE/spring-web-5.0.5.RELEASE.jar:/Users/rkarna/.m2/repository/org/springframework/spring-beans/5.0.5.RELEASE/spring-beans-5.0.5.RELEASE.jar:/Users/rkarna/.m2/repository/org/springframework/spring-webmvc/5.0.5.RELEASE/spring-webmvc-5.0.5.RELEASE.jar:/Users/rkarna/.m2/repository/org/springframework/spring-expression/5.0.5.RELEASE/spring-expression-5.0.5.RELEASE.jar:/Users/rkarna/.m2/repository/org/springframework/boot/spring-boot-starter-actuator/2.0.1.RELEASE/spring-boot-starter-actuator-2.0.1.RELEASE.jar:/Users/rkarna/.m2/repository/org/springframework/boot/spring-boot-actuator-autoconfigure/2.0.1.RELEASE/spring-boot-actuator-autoconfigure-2.0.1.RELEASE.jar:/Users/rkarna/.m2/repository/org/springframework/boot/spring-boot-actuator/2.0.1.RELEASE/spring-boot-actuator-2.0.1.RELEASE.jar:/Users/rkarna/.m2/repository/io/micrometer/micrometer-core/1.0.3/micrometer-core-1.0.3.jar:/Users/rkarna/.m2/repository/org/hdrhistogram/HdrHistogram/2.1.10/HdrHistogram-2.1.10.jar:/Users/rkarna/.m2/repository/org/latencyutils/LatencyUtils/2.0.3/LatencyUtils-2.0.3.jar:/Users/rkarna/.m2/repository/org/springframework/boot/spring-boot-starter-aop/2.0.1.RELEASE/spring-boot-starter-aop-2.0.1.RELEASE.jar:/Users/rkarna/.m2/repository/org/springframework/spring-aop/5.0.5.RELEASE/spring-aop-5.0.5.RELEASE.jar:/Users/rkarna/.m2/repository/org/aspectj/aspectjweaver/1.8.13/aspectjweaver-1.8.13.jar:/Users/rkarna/.m2/repository/org/springframework/boot/spring-boot-starter-batch/2.0.1.RELEASE/spring-boot-starter-batch-2.0.1.RELEASE.jar:/Users/rkarna/.m2/repository/org/springframework/boot/spring-boot-starter-jdbc/2.0.1.RELEASE/spring-boot-starter-jdbc-2.0.1.RELEASE.jar:/Users/rkarna/.m2/repository/com/zaxxer/HikariCP/2.7.8/HikariCP-2.7.8.jar:/Users/rkarna/.m2/repository/org/springframework/batch/spring-batch-core/4.0.1.RELEASE/spring-batch-core-4.0.1.RELEASE.jar:/Users/rkarna/.m2/repository/javax/batch/javax.batch-api/1.0/javax.batch-api-1.0.jar:/Users/rkarna/.m2/repository/org/codehaus/jettison/jettison/1.2/jettison-1.2.jar:/Users/rkarna/.m2/repository/org/springframework/batch/spring-batch-infrastructure/4.0.1.RELEASE/spring-batch-infrastructure-4.0.1.RELEASE.jar:/Users/rkarna/.m2/repository/org/springframework/boot/spring-boot-starter-cache/2.0.1.RELEASE/spring-boot-starter-cache-2.0.1.RELEASE.jar:/Users/rkarna/.m2/repository/org/springframework/spring-context/5.0.5.RELEASE/spring-context-5.0.5.RELEASE.jar:/Users/rkarna/.m2/repository/org/springframework/spring-context-support/5.0.5.RELEASE/spring-context-support-5.0.5.RELEASE.jar:/Users/rkarna/.m2/repository/org/springframework/boot/spring-boot-starter-data-elasticsearch/2.0.1.RELEASE/spring-boot-starter-data-elasticsearch-2.0.1.RELEASE.jar:/Users/rkarna/.m2/repository/org/springframework/data/spring-data-elasticsearch/3.0.6.RELEASE/spring-data-elasticsearch-3.0.6.RELEASE.jar:/Users/rkarna/.m2/repository/org/springframework/data/spring-data-commons/2.0.6.RELEASE/spring-data-commons-2.0.6.RELEASE.jar:/Users/rkarna/.m2/repository/commons-lang/commons-lang/2.6/commons-lang-2.6.jar:/Users/rkarna/.m2/repository/joda-time/joda-time/2.9.9/joda-time-2.9.9.jar:/Users/rkarna/.m2/repository/org/elasticsearch/elasticsearch/5.6.8/elasticsearch-5.6.8.jar:/Users/rkarna/.m2/repository/org/apache/lucene/lucene-core/6.6.1/lucene-core-6.6.1.jar:/Users/rkarna/.m2/repository/org/apache/lucene/lucene-analyzers-common/6.6.1/lucene-analyzers-common-6.6.1.jar:/Users/rkarna/.m2/repository/org/apache/lucene/lucene-backward-codecs/6.6.1/lucene-backward-codecs-6.6.1.jar:/Users/rkarna/.m2/repository/org/apache/lucene/lucene-grouping/6.6.1/lucene-grouping-6.6.1.jar:/Users/rkarna/.m2/repository/org/apache/lucene/lucene-highlighter/6.6.1/lucene-highlighter-6.6.1.jar:/Users/rkarna/.m2/repository/org/apache/lucene/lucene-join/6.6.1/lucene-join-6.6.1.jar:/Users/rkarna/.m2/repository/org/apache/lucene/lucene-memory/6.6.1/lucene-memory-6.6.1.jar:/Users/rkarna/.m2/repository/org/apache/lucene/lucene-misc/6.6.1/lucene-misc-6.6.1.jar:/Users/rkarna/.m2/repository/org/apache/lucene/lucene-queries/6.6.1/lucene-queries-6.6.1.jar:/Users/rkarna/.m2/repository/org/apache/lucene/lucene-queryparser/6.6.1/lucene-queryparser-6.6.1.jar:/Users/rkarna/.m2/repository/org/apache/lucene/lucene-sandbox/6.6.1/lucene-sandbox-6.6.1.jar:/Users/rkarna/.m2/repository/org/apache/lucene/lucene-spatial/6.6.1/lucene-spatial-6.6.1.jar:/Users/rkarna/.m2/repository/org/apache/lucene/lucene-spatial-extras/6.6.1/lucene-spatial-extras-6.6.1.jar:/Users/rkarna/.m2/repository/org/apache/lucene/lucene-spatial3d/6.6.1/lucene-spatial3d-6.6.1.jar:/Users/rkarna/.m2/repository/org/apache/lucene/lucene-suggest/6.6.1/lucene-suggest-6.6.1.jar:/Users/rkarna/.m2/repository/org/elasticsearch/securesm/1.2/securesm-1.2.jar:/Users/rkarna/.m2/repository/net/sf/jopt-simple/jopt-simple/5.0.2/jopt-simple-5.0.2.jar:/Users/rkarna/.m2/repository/com/carrotsearch/hppc/0.7.1/hppc-0.7.1.jar:/Users/rkarna/.m2/repository/com/fasterxml/jackson/dataformat/jackson-dataformat-smile/2.9.5/jackson-dataformat-smile-2.9.5.jar:/Users/rkarna/.m2/repository/com/fasterxml/jackson/dataformat/jackson-dataformat-yaml/2.9.5/jackson-dataformat-yaml-2.9.5.jar:/Users/rkarna/.m2/repository/com/fasterxml/jackson/dataformat/jackson-dataformat-cbor/2.9.5/jackson-dataformat-cbor-2.9.5.jar:/Users/rkarna/.m2/repository/com/tdunning/t-digest/3.0/t-digest-3.0.jar:/Users/rkarna/.m2/repository/org/apache/logging/log4j/log4j-api/2.10.0/log4j-api-2.10.0.jar:/Users/rkarna/.m2/repository/org/elasticsearch/jna/4.4.0-1/jna-4.4.0-1.jar:/Users/rkarna/.m2/repository/org/elasticsearch/client/transport/5.6.8/transport-5.6.8.jar:/Users/rkarna/.m2/repository/org/elasticsearch/plugin/transport-netty3-client/5.6.8/transport-netty3-client-5.6.8.jar:/Users/rkarna/.m2/repository/io/netty/netty/3.10.6.Final/netty-3.10.6.Final.jar:/Users/rkarna/.m2/repository/org/elasticsearch/plugin/reindex-client/5.6.8/reindex-client-5.6.8.jar:/Users/rkarna/.m2/repository/org/elasticsearch/client/elasticsearch-rest-client/5.6.8/elasticsearch-rest-client-5.6.8.jar:/Users/rkarna/.m2/repository/org/apache/httpcomponents/httpclient/4.5.5/httpclient-4.5.5.jar:/Users/rkarna/.m2/repository/org/apache/httpcomponents/httpcore/4.4.9/httpcore-4.4.9.jar:/Users/rkarna/.m2/repository/org/apache/httpcomponents/httpasyncclient/4.1.3/httpasyncclient-4.1.3.jar:/Users/rkarna/.m2/repository/org/apache/httpcomponents/httpcore-nio/4.4.9/httpcore-nio-4.4.9.jar:/Users/rkarna/.m2/repository/org/elasticsearch/plugin/lang-mustache-client/5.6.8/lang-mustache-client-5.6.8.jar:/Users/rkarna/.m2/repository/com/github/spullara/mustache/java/compiler/0.9.3/compiler-0.9.3.jar:/Users/rkarna/.m2/repository/org/elasticsearch/plugin/percolator-client/5.6.8/percolator-client-5.6.8.jar:/Users/rkarna/.m2/repository/org/elasticsearch/plugin/parent-join-client/5.6.8/parent-join-client-5.6.8.jar:/Users/rkarna/.m2/repository/org/elasticsearch/plugin/transport-netty4-client/5.6.8/transport-netty4-client-5.6.8.jar:/Users/rkarna/.m2/repository/io/netty/netty-buffer/4.1.23.Final/netty-buffer-4.1.23.Final.jar:/Users/rkarna/.m2/repository/io/netty/netty-codec/4.1.23.Final/netty-codec-4.1.23.Final.jar:/Users/rkarna/.m2/repository/io/netty/netty-codec-http/4.1.23.Final/netty-codec-http-4.1.23.Final.jar:/Users/rkarna/.m2/repository/io/netty/netty-resolver/4.1.23.Final/netty-resolver-4.1.23.Final.jar:/Users/rkarna/.m2/repository/org/locationtech/spatial4j/spatial4j/0.6/spatial4j-0.6.jar:/Users/rkarna/.m2/repository/com/vividsolutions/jts/1.13/jts-1.13.jar:/Users/rkarna/.m2/repository/org/springframework/boot/spring-boot-starter-data-neo4j/2.0.1.RELEASE/spring-boot-starter-data-neo4j-2.0.1.RELEASE.jar:/Users/rkarna/.m2/repository/org/springframework/data/spring-data-neo4j/5.0.6.RELEASE/spring-data-neo4j-5.0.6.RELEASE.jar:/Users/rkarna/.m2/repository/org/neo4j/neo4j-ogm-core/3.1.0/neo4j-ogm-core-3.1.0.jar:/Users/rkarna/.m2/repository/org/neo4j/neo4j-ogm-api/3.1.0/neo4j-ogm-api-3.1.0.jar:/Users/rkarna/.m2/repository/commons-codec/commons-codec/1.11/commons-codec-1.11.jar:/Users/rkarna/.m2/repository/io/github/lukehutch/fast-classpath-scanner/2.7.4/fast-classpath-scanner-2.7.4.jar:/Users/rkarna/.m2/repository/org/neo4j/neo4j-ogm-bolt-driver/3.1.0/neo4j-ogm-bolt-driver-3.1.0.jar:/Users/rkarna/.m2/repository/org/neo4j/driver/neo4j-java-driver/1.5.0/neo4j-java-driver-1.5.0.jar:/Users/rkarna/.m2/repository/org/springframework/boot/spring-boot-starter-data-redis/2.0.1.RELEASE/spring-boot-starter-data-redis-2.0.1.RELEASE.jar:/Users/rkarna/.m2/repository/org/springframework/data/spring-data-redis/2.0.6.RELEASE/spring-data-redis-2.0.6.RELEASE.jar:/Users/rkarna/.m2/repository/org/springframework/data/spring-data-keyvalue/2.0.6.RELEASE/spring-data-keyvalue-2.0.6.RELEASE.jar:/Users/rkarna/.m2/repository/io/lettuce/lettuce-core/5.0.3.RELEASE/lettuce-core-5.0.3.RELEASE.jar:/Users/rkarna/.m2/repository/io/netty/netty-common/4.1.23.Final/netty-common-4.1.23.Final.jar:/Users/rkarna/.m2/repository/io/netty/netty-transport/4.1.23.Final/netty-transport-4.1.23.Final.jar:/Users/rkarna/.m2/repository/io/netty/netty-handler/4.1.23.Final/netty-handler-4.1.23.Final.jar:/Users/rkarna/.m2/repository/org/springframework/boot/spring-boot-starter-data-redis-reactive/2.0.1.RELEASE/spring-boot-starter-data-redis-reactive-2.0.1.RELEASE.jar:/Users/rkarna/.m2/repository/org/springframework/boot/spring-boot-starter-data-rest/2.0.1.RELEASE/spring-boot-starter-data-rest-2.0.1.RELEASE.jar:/Users/rkarna/.m2/repository/org/springframework/data/spring-data-rest-webmvc/3.0.6.RELEASE/spring-data-rest-webmvc-3.0.6.RELEASE.jar:/Users/rkarna/.m2/repository/org/springframework/data/spring-data-rest-core/3.0.6.RELEASE/spring-data-rest-core-3.0.6.RELEASE.jar:/Users/rkarna/.m2/repository/org/springframework/hateoas/spring-hateoas/0.24.0.RELEASE/spring-hateoas-0.24.0.RELEASE.jar:/Users/rkarna/.m2/repository/org/springframework/plugin/spring-plugin-core/1.2.0.RELEASE/spring-plugin-core-1.2.0.RELEASE.jar:/Users/rkarna/.m2/repository/org/atteo/evo-inflector/1.2.2/evo-inflector-1.2.2.jar:/Users/rkarna/.m2/repository/org/springframework/boot/spring-boot-starter-integration/2.0.1.RELEASE/spring-boot-starter-integration-2.0.1.RELEASE.jar:/Users/rkarna/.m2/repository/org/springframework/boot/spring-boot-starter-jersey/2.0.1.RELEASE/spring-boot-starter-jersey-2.0.1.RELEASE.jar:/Users/rkarna/.m2/repository/org/springframework/boot/spring-boot-starter-tomcat/2.0.1.RELEASE/spring-boot-starter-tomcat-2.0.1.RELEASE.jar:/Users/rkarna/.m2/repository/org/apache/tomcat/embed/tomcat-embed-core/8.5.29/tomcat-embed-core-8.5.29.jar:/Users/rkarna/.m2/repository/org/apache/tomcat/embed/tomcat-embed-el/8.5.29/tomcat-embed-el-8.5.29.jar:/Users/rkarna/.m2/repository/org/apache/tomcat/embed/tomcat-embed-websocket/8.5.29/tomcat-embed-websocket-8.5.29.jar:/Users/rkarna/.m2/repository/org/springframework/boot/spring-boot-starter-validation/2.0.1.RELEASE/spring-boot-starter-validation-2.0.1.RELEASE.jar:/Users/rkarna/.m2/repository/org/glassfish/jersey/core/jersey-server/2.26/jersey-server-2.26.jar:/Users/rkarna/.m2/repository/org/glassfish/jersey/core/jersey-common/2.26/jersey-common-2.26.jar:/Users/rkarna/.m2/repository/org/glassfish/hk2/osgi-resource-locator/1.0.1/osgi-resource-locator-1.0.1.jar:/Users/rkarna/.m2/repository/org/glassfish/jersey/core/jersey-client/2.26/jersey-client-2.26.jar:/Users/rkarna/.m2/repository/javax/ws/rs/javax.ws.rs-api/2.1/javax.ws.rs-api-2.1.jar:/Users/rkarna/.m2/repository/org/glassfish/jersey/media/jersey-media-jaxb/2.26/jersey-media-jaxb-2.26.jar:/Users/rkarna/.m2/repository/org/glassfish/jersey/containers/jersey-container-servlet-core/2.26/jersey-container-servlet-core-2.26.jar:/Users/rkarna/.m2/repository/org/glassfish/jersey/containers/jersey-container-servlet/2.26/jersey-container-servlet-2.26.jar:/Users/rkarna/.m2/repository/org/glassfish/jersey/ext/jersey-bean-validation/2.26/jersey-bean-validation-2.26.jar:/Users/rkarna/.m2/repository/org/glassfish/jersey/ext/jersey-spring4/2.26/jersey-spring4-2.26.jar:/Users/rkarna/.m2/repository/org/glassfish/jersey/inject/jersey-hk2/2.26/jersey-hk2-2.26.jar:/Users/rkarna/.m2/repository/org/glassfish/hk2/hk2-locator/2.5.0-b42/hk2-locator-2.5.0-b42.jar:/Users/rkarna/.m2/repository/org/glassfish/hk2/external/aopalliance-repackaged/2.5.0-b42/aopalliance-repackaged-2.5.0-b42.jar:/Users/rkarna/.m2/repository/org/glassfish/hk2/hk2/2.5.0-b42/hk2-2.5.0-b42.jar:/Users/rkarna/.m2/repository/org/glassfish/hk2/hk2-utils/2.5.0-b42/hk2-utils-2.5.0-b42.jar:/Users/rkarna/.m2/repository/javax/inject/javax.inject/1/javax.inject-1.jar:/Users/rkarna/.m2/repository/org/glassfish/hk2/hk2-api/2.5.0-b42/hk2-api-2.5.0-b42.jar:/Users/rkarna/.m2/repository/org/glassfish/hk2/config-types/2.5.0-b42/config-types-2.5.0-b42.jar:/Users/rkarna/.m2/repository/org/glassfish/hk2/hk2-core/2.5.0-b42/hk2-core-2.5.0-b42.jar:/Users/rkarna/.m2/repository/org/glassfish/hk2/hk2-config/2.5.0-b42/hk2-config-2.5.0-b42.jar:/Users/rkarna/.m2/repository/org/glassfish/hk2/hk2-runlevel/2.5.0-b42/hk2-runlevel-2.5.0-b42.jar:/Users/rkarna/.m2/repository/org/glassfish/hk2/class-model/2.5.0-b42/class-model-2.5.0-b42.jar:/Users/rkarna/.m2/repository/org/glassfish/hk2/external/asm-all-repackaged/2.5.0-b42/asm-all-repackaged-2.5.0-b42.jar:/Users/rkarna/.m2/repository/org/glassfish/hk2/spring-bridge/2.5.0-b42/spring-bridge-2.5.0-b42.jar:/Users/rkarna/.m2/repository/org/glassfish/jersey/media/jersey-media-json-jackson/2.26/jersey-media-json-jackson-2.26.jar:/Users/rkarna/.m2/repository/org/glassfish/jersey/ext/jersey-entity-filtering/2.26/jersey-entity-filtering-2.26.jar:/Users/rkarna/.m2/repository/com/fasterxml/jackson/module/jackson-module-jaxb-annotations/2.9.5/jackson-module-jaxb-annotations-2.9.5.jar:/Users/rkarna/.m2/repository/org/springframework/boot/spring-boot-starter-jooq/2.0.1.RELEASE/spring-boot-starter-jooq-2.0.1.RELEASE.jar:/Users/rkarna/.m2/repository/org/springframework/spring-tx/5.0.5.RELEASE/spring-tx-5.0.5.RELEASE.jar:/Users/rkarna/.m2/repository/org/jooq/jooq/3.10.6/jooq-3.10.6.jar:/Users/rkarna/.m2/repository/org/springframework/boot/spring-boot-starter-mail/2.0.1.RELEASE/spring-boot-starter-mail-2.0.1.RELEASE.jar:/Users/rkarna/.m2/repository/com/sun/mail/javax.mail/1.6.1/javax.mail-1.6.1.jar:/Users/rkarna/.m2/repository/javax/activation/activation/1.1/activation-1.1.jar:/Users/rkarna/.m2/repository/org/springframework/boot/spring-boot-starter-quartz/2.0.1.RELEASE/spring-boot-starter-quartz-2.0.1.RELEASE.jar:/Users/rkarna/.m2/repository/org/quartz-scheduler/quartz/2.3.0/quartz-2.3.0.jar:/Users/rkarna/.m2/repository/com/mchange/mchange-commons-java/0.2.11/mchange-commons-java-0.2.11.jar:/Users/rkarna/.m2/repository/org/springframework/boot/spring-boot-starter-security/2.0.1.RELEASE/spring-boot-starter-security-2.0.1.RELEASE.jar:/Users/rkarna/.m2/repository/org/springframework/security/spring-security-config/5.0.4.RELEASE/spring-security-config-5.0.4.RELEASE.jar:/Users/rkarna/.m2/repository/org/springframework/security/spring-security-web/5.0.4.RELEASE/spring-security-web-5.0.4.RELEASE.jar:/Users/rkarna/.m2/repository/org/springframework/boot/spring-boot-starter-thymeleaf/2.0.1.RELEASE/spring-boot-starter-thymeleaf-2.0.1.RELEASE.jar:/Users/rkarna/.m2/repository/org/thymeleaf/thymeleaf-spring5/3.0.9.RELEASE/thymeleaf-spring5-3.0.9.RELEASE.jar:/Users/rkarna/.m2/repository/org/thymeleaf/thymeleaf/3.0.9.RELEASE/thymeleaf-3.0.9.RELEASE.jar:/Users/rkarna/.m2/repository/org/attoparser/attoparser/2.0.4.RELEASE/attoparser-2.0.4.RELEASE.jar:/Users/rkarna/.m2/repository/org/unbescape/unbescape/1.1.5.RELEASE/unbescape-1.1.5.RELEASE.jar:/Users/rkarna/.m2/repository/org/thymeleaf/extras/thymeleaf-extras-java8time/3.0.1.RELEASE/thymeleaf-extras-java8time-3.0.1.RELEASE.jar:/Users/rkarna/.m2/repository/org/springframework/boot/spring-boot-starter-web-services/2.0.1.RELEASE/spring-boot-starter-web-services-2.0.1.RELEASE.jar:/Users/rkarna/.m2/repository/org/springframework/spring-oxm/5.0.5.RELEASE/spring-oxm-5.0.5.RELEASE.jar:/Users/rkarna/.m2/repository/org/springframework/ws/spring-ws-core/3.0.1.RELEASE/spring-ws-core-3.0.1.RELEASE.jar:/Users/rkarna/.m2/repository/org/springframework/ws/spring-xml/3.0.1.RELEASE/spring-xml-3.0.1.RELEASE.jar:/Users/rkarna/.m2/repository/org/springframework/boot/spring-boot-starter-webflux/2.0.1.RELEASE/spring-boot-starter-webflux-2.0.1.RELEASE.jar:/Users/rkarna/.m2/repository/org/springframework/boot/spring-boot-starter-reactor-netty/2.0.1.RELEASE/spring-boot-starter-reactor-netty-2.0.1.RELEASE.jar:/Users/rkarna/.m2/repository/io/projectreactor/ipc/reactor-netty/0.7.6.RELEASE/reactor-netty-0.7.6.RELEASE.jar:/Users/rkarna/.m2/repository/io/netty/netty-handler-proxy/4.1.23.Final/netty-handler-proxy-4.1.23.Final.jar:/Users/rkarna/.m2/repository/io/netty/netty-codec-socks/4.1.23.Final/netty-codec-socks-4.1.23.Final.jar:/Users/rkarna/.m2/repository/io/netty/netty-transport-native-epoll/4.1.23.Final/netty-transport-native-epoll-4.1.23.Final.jar:/Users/rkarna/.m2/repository/io/netty/netty-transport-native-unix-common/4.1.23.Final/netty-transport-native-unix-common-4.1.23.Final.jar:/Users/rkarna/.m2/repository/org/springframework/spring-webflux/5.0.5.RELEASE/spring-webflux-5.0.5.RELEASE.jar:/Users/rkarna/.m2/repository/org/synchronoss/cloud/nio-multipart-parser/1.1.0/nio-multipart-parser-1.1.0.jar:/Users/rkarna/.m2/repository/org/synchronoss/cloud/nio-stream-storage/1.1.3/nio-stream-storage-1.1.3.jar:/Users/rkarna/.m2/repository/org/springframework/boot/spring-boot-starter-websocket/2.0.1.RELEASE/spring-boot-starter-websocket-2.0.1.RELEASE.jar:/Users/rkarna/.m2/repository/org/springframework/spring-messaging/5.0.5.RELEASE/spring-messaging-5.0.5.RELEASE.jar:/Users/rkarna/.m2/repository/org/springframework/spring-websocket/5.0.5.RELEASE/spring-websocket-5.0.5.RELEASE.jar:/Users/rkarna/.m2/repository/org/flywaydb/flyway-core/5.0.7/flyway-core-5.0.7.jar:/Users/rkarna/.m2/repository/org/springframework/data/spring-data-rest-hal-browser/3.0.6.RELEASE/spring-data-rest-hal-browser-3.0.6.RELEASE.jar:/Users/rkarna/.m2/repository/org/slf4j/slf4j-api/1.7.25/slf4j-api-1.7.25.jar:/Users/rkarna/.m2/repository/org/springframework/session/spring-session-data-redis/2.0.2.RELEASE/spring-session-data-redis-2.0.2.RELEASE.jar:/Users/rkarna/.m2/repository/org/springframework/session/spring-session-core/2.0.2.RELEASE/spring-session-core-2.0.2.RELEASE.jar:/Users/rkarna/.m2/repository/org/springframework/spring-jcl/5.0.5.RELEASE/spring-jcl-5.0.5.RELEASE.jar:/Users/rkarna/.m2/repository/org/postgresql/postgresql/42.2.2/postgresql-42.2.2.jar:/Users/rkarna/.m2/repository/org/springframework/boot/spring-boot-configuration-processor/2.0.1.RELEASE/spring-boot-configuration-processor-2.0.1.RELEASE.jar:/Users/rkarna/.m2/repository/org/projectlombok/lombok/1.16.20/lombok-1.16.20.jar:/Users/rkarna/.m2/repository/org/springframework/boot/spring-boot-starter-test/2.0.1.RELEASE/spring-boot-starter-test-2.0.1.RELEASE.jar:/Users/rkarna/.m2/repository/org/springframework/boot/spring-boot-test/2.0.1.RELEASE/spring-boot-test-2.0.1.RELEASE.jar:/Users/rkarna/.m2/repository/org/springframework/boot/spring-boot-test-autoconfigure/2.0.1.RELEASE/spring-boot-test-autoconfigure-2.0.1.RELEASE.jar:/Users/rkarna/.m2/repository/com/jayway/jsonpath/json-path/2.4.0/json-path-2.4.0.jar:/Users/rkarna/.m2/repository/net/minidev/json-smart/2.3/json-smart-2.3.jar:/Users/rkarna/.m2/repository/net/minidev/accessors-smart/1.2/accessors-smart-1.2.jar:/Users/rkarna/.m2/repository/org/ow2/asm/asm/5.0.4/asm-5.0.4.jar:/Users/rkarna/.m2/repository/junit/junit/4.12/junit-4.12.jar:/Users/rkarna/.m2/repository/org/assertj/assertj-core/3.9.1/assertj-core-3.9.1.jar:/Users/rkarna/.m2/repository/org/mockito/mockito-core/2.15.0/mockito-core-2.15.0.jar:/Users/rkarna/.m2/repository/net/bytebuddy/byte-buddy/1.7.11/byte-buddy-1.7.11.jar:/Users/rkarna/.m2/repository/net/bytebuddy/byte-buddy-agent/1.7.11/byte-buddy-agent-1.7.11.jar:/Users/rkarna/.m2/repository/org/objenesis/objenesis/2.6/objenesis-2.6.jar:/Users/rkarna/.m2/repository/org/hamcrest/hamcrest-core/1.3/hamcrest-core-1.3.jar:/Users/rkarna/.m2/repository/org/hamcrest/hamcrest-library/1.3/hamcrest-library-1.3.jar:/Users/rkarna/.m2/repository/org/skyscreamer/jsonassert/1.5.0/jsonassert-1.5.0.jar:/Users/rkarna/.m2/repository/com/vaadin/external/google/android-json/0.0.20131108.vaadin1/android-json-0.0.20131108.vaadin1.jar:/Users/rkarna/.m2/repository/org/springframework/spring-core/5.0.5.RELEASE/spring-core-5.0.5.RELEASE.jar:/Users/rkarna/.m2/repository/org/xmlunit/xmlunit-core/2.5.1/xmlunit-core-2.5.1.jar:/Users/rkarna/.m2/repository/io/projectreactor/reactor-test/3.1.6.RELEASE/reactor-test-3.1.6.RELEASE.jar:/Users/rkarna/.m2/repository/io/projectreactor/reactor-core/3.1.6.RELEASE/reactor-core-3.1.6.RELEASE.jar:/Users/rkarna/.m2/repository/org/reactivestreams/reactive-streams/1.0.2/reactive-streams-1.0.2.jar:/Users/rkarna/.m2/repository/org/springframework/batch/spring-batch-test/4.0.1.RELEASE/spring-batch-test-4.0.1.RELEASE.jar:/Users/rkarna/.m2/repository/commons-collections/commons-collections/3.2.2/commons-collections-3.2.2.jar:/Users/rkarna/.m2/repository/commons-io/commons-io/2.6/commons-io-2.6.jar:/Users/rkarna/.m2/repository/org/springframework/spring-jdbc/5.0.5.RELEASE/spring-jdbc-5.0.5.RELEASE.jar:/Users/rkarna/.m2/repository/org/springframework/restdocs/spring-restdocs-mockmvc/2.0.1.RELEASE/spring-restdocs-mockmvc-2.0.1.RELEASE.jar:/Users/rkarna/.m2/repository/org/springframework/restdocs/spring-restdocs-core/2.0.1.RELEASE/spring-restdocs-core-2.0.1.RELEASE.jar:/Users/rkarna/.m2/repository/org/springframework/security/spring-security-test/5.0.4.RELEASE/spring-security-test-5.0.4.RELEASE.jar:/Users/rkarna/.m2/repository/org/springframework/security/spring-security-core/5.0.4.RELEASE/spring-security-core-5.0.4.RELEASE.jar:/Users/rkarna/.m2/repository/javax/servlet/javax.servlet-api/3.1.0/javax.servlet-api-3.1.0.jar:/Users/rkarna/.m2/repository/org/webjars/bootstrap/3.3.7-1/bootstrap-3.3.7-1.jar:/Users/rkarna/.m2/repository/org/webjars/jquery/1.11.1/jquery-1.11.1.jar:/Users/rkarna/.m2/repository/org/webjars/webjars-locator-core/0.35/webjars-locator-core-0.35.jar:/Users/rkarna/.m2/repository/org/apache/commons/commons-lang3/3.7/commons-lang3-3.7.jar:/Users/rkarna/.m2/repository/org/apache/commons/commons-compress/1.9/commons-compress-1.9.jar:/Users/rkarna/.m2/repository/de/danielbechler/java-object-diff/0.95/java-object-diff-0.95.jar:/Users/rkarna/.m2/repository/org/springframework/integration/spring-integration-core/4.2.5.RELEASE/spring-integration-core-4.2.5.RELEASE.jar:/Users/rkarna/.m2/repository/org/springframework/retry/spring-retry/1.2.2.RELEASE/spring-retry-1.2.2.RELEASE.jar:/Users/rkarna/.m2/repository/org/zeromq/jeromq/0.3.3/jeromq-0.3.3.jar:/Users/rkarna/.m2/repository/com/fasterxml/jackson/core/jackson-core/2.5.1/jackson-core-2.5.1.jar:/Users/rkarna/.m2/repository/com/fasterxml/jackson/core/jackson-databind/2.5.1/jackson-databind-2.5.1.jar:/Users/rkarna/.m2/repository/com/fasterxml/jackson/core/jackson-annotations/2.9.0/jackson-annotations-2.9.0.jar:/Users/rkarna/.m2/repository/org/msgpack/msgpack/0.6.10/msgpack-0.6.10.jar:/Users/rkarna/.m2/repository/com/googlecode/json-simple/json-simple/1.1.1/json-simple-1.1.1.jar:/Users/rkarna/.m2/repository/org/javassist/javassist/3.18.1-GA/javassist-3.18.1-GA.jar:/Users/rkarna/.m2/repository/org/testng/testng/6.8.8/testng-6.8.8.jar:/Users/rkarna/.m2/repository/org/beanshell/bsh/2.0b4/bsh-2.0b4.jar:/Users/rkarna/.m2/repository/com/beust/jcommander/1.27/jcommander-1.27.jar:/Users/rkarna/.m2/repository/org/springframework/spring-test/4.2.5.RELEASE/spring-test-4.2.5.RELEASE.jar:/Users/rkarna/.m2/repository/org/apache/maven/surefire/surefire-testng-utils/2.21.0/surefire-testng-utils-2.21.0.jar:/Users/rkarna/.m2/repository/org/apache/maven/surefire/surefire-grouper/2.21.0/surefire-grouper-2.21.0.jar:"/>
    <property name="sun.cpu.endian" value="little"/>
    <property name="user.home" value="/Users/rkarna"/>
    <property name="user.language" value="en"/>
    <property name="java.specification.vendor" value="Oracle Corporation"/>
    <property name="java.home" value="/Library/Java/JavaVirtualMachines/jdk1.8.0_121.jdk/Contents/Home/jre"/>
    <property name="basedir" value="/Users/rkarna/spring-boot-multi-package-demo/control-core"/>
    <property name="file.separator" value="/"/>
    <property name="line.separator" value="&#10;"/>
    <property name="java.vm.specification.vendor" value="Oracle Corporation"/>
    <property name="java.specification.name" value="Java Platform API Specification"/>
    <property name="java.awt.graphicsenv" value="sun.awt.CGraphicsEnvironment"/>
    <property name="surefire.real.class.path" value="/Users/rkarna/spring-boot-multi-package-demo/control-core/target/surefire/surefirebooter2339289729855615108.jar"/>
    <property name="sun.boot.class.path" value="/Library/Java/JavaVirtualMachines/jdk1.8.0_121.jdk/Contents/Home/jre/lib/resources.jar:/Library/Java/JavaVirtualMachines/jdk1.8.0_121.jdk/Contents/Home/jre/lib/rt.jar:/Library/Java/JavaVirtualMachines/jdk1.8.0_121.jdk/Contents/Home/jre/lib/sunrsasign.jar:/Library/Java/JavaVirtualMachines/jdk1.8.0_121.jdk/Contents/Home/jre/lib/jsse.jar:/Library/Java/JavaVirtualMachines/jdk1.8.0_121.jdk/Contents/Home/jre/lib/jce.jar:/Library/Java/JavaVirtualMachines/jdk1.8.0_121.jdk/Contents/Home/jre/lib/charsets.jar:/Library/Java/JavaVirtualMachines/jdk1.8.0_121.jdk/Contents/Home/jre/lib/jfr.jar:/Library/Java/JavaVirtualMachines/jdk1.8.0_121.jdk/Contents/Home/jre/classes"/>
    <property name="sun.management.compiler" value="HotSpot 64-Bit Tiered Compilers"/>
    <property name="ftp.nonProxyHosts" value="local|*.local|169.254/16|*.169.254/16"/>
    <property name="java.runtime.version" value="1.8.0_121-b13"/>
    <property name="user.name" value="rkarna"/>
    <property name="path.separator" value=":"/>
    <property name="os.version" value="10.13.4"/>
    <property name="java.endorsed.dirs" value="/Library/Java/JavaVirtualMachines/jdk1.8.0_121.jdk/Contents/Home/jre/lib/endorsed"/>
    <property name="java.runtime.name" value="Java(TM) SE Runtime Environment"/>
    <property name="file.encoding" value="US-ASCII"/>
    <property name="java.vm.name" value="Java HotSpot(TM) 64-Bit Server VM"/>
    <property name="localRepository" value="/Users/rkarna/.m2/repository"/>
    <property name="java.vendor.url.bug" value="http://bugreport.sun.com/bugreport/"/>
    <property name="java.io.tmpdir" value="/var/folders/t1/t5bv2_fx1mdbbwj30s1fqntx878ngc/T/"/>
    <property name="idea.version" value="2018.1.1"/>
    <property name="java.version" value="1.8.0_121"/>
    <property name="user.dir" value="/Users/rkarna/spring-boot-multi-package-demo/control-core"/>
    <property name="os.arch" value="x86_64"/>
    <property name="java.vm.specification.name" value="Java Virtual Machine Specification"/>
    <property name="java.awt.printerjob" value="sun.lwawt.macosx.CPrinterJob"/>
    <property name="sun.os.patch.level" value="unknown"/>
    <property name="java.library.path" value="/Users/rkarna/Library/Java/Extensions:/Library/Java/Extensions:/Network/Library/Java/Extensions:/System/Library/Java/Extensions:/usr/lib/java:."/>
    <property name="java.vm.info" value="mixed mode"/>
    <property name="java.vendor" value="Oracle Corporation"/>
    <property name="java.vm.version" value="25.121-b13"/>
    <property name="java.ext.dirs" value="/Users/rkarna/Library/Java/Extensions:/Library/Java/JavaVirtualMachines/jdk1.8.0_121.jdk/Contents/Home/jre/lib/ext:/Library/Java/Extensions:/Network/Library/Java/Extensions:/System/Library/Java/Extensions:/usr/lib/java"/>
    <property name="sun.io.unicode.encoding" value="UnicodeBig"/>
    <property name="java.class.version" value="52.0"/>
    <property name="socksNonProxyHosts" value="local|*.local|169.254/16|*.169.254/16"/>
  </properties>
  <testcase name="contextLoads on contextLoads(co.sys.ControlApplicationTest)" classname="co.sys.ControlApplicationTest" time="0.001"/>
</testsuite>