<?xml version="1.0" encoding="UTF-8"?>
<!-- Generated by org.testng.reporters.JUnitReportReporter -->
<testsuite hostname="Adminss-MacBook-Pro.local" name="co.sys.ControlApplicationTest" tests="1" failures="0" timestamp="21 Apr 2018 18:15:50 GMT" time="0.003" errors="0">
  <testcase name="contextLoads" time="0.003" classname="co.sys.ControlApplicationTest"/>
</testsuite> <!-- co.sys.ControlApplicationTest -->
